<?xml version="1.0" encoding="UTF-8"?>
<testsuite name="edu.upc.prop.clusterxx.TestDivisionShould" tests="2" skipped="0" failures="0" errors="0" timestamp="2023-11-11T12:18:03" hostname="DESKTOP-6FQ90K1" time="0.005">
  <properties/>
  <testcase name="divideGettingCorrectResult" classname="edu.upc.prop.clusterxx.TestDivisionShould" time="0.004"/>
  <testcase name="divideByZeroThrowsException" classname="edu.upc.prop.clusterxx.TestDivisionShould" time="0.001"/>
  <system-out><![CDATA[]]></system-out>
  <system-err><![CDATA[]]></system-err>
</testsuite>
